<test-run id="2" testcasecount="2" result="Passed" start-time="2025-02-26 12:17:00.136065" end-time="2025-02-26 12:17:02.431224" duration="2" total="2" passed="0" failed="2" inconclusive="0" skipped="0" asserts="0" clr-version="3.12.3 (tags/v3.12.3:f6650f9, Apr  9 2024, 14:05:25) [MSC v.1938 64 bit (AMD64)]" engine-version="3.6.2"><command-line>C:/Users/Joyce/PycharmProjects/baidu_UIAuto/run.py</command-line><filter /><test-suite id="testcase/bd_test_Login.py" name="testcase/bd_test_Login.py" fullname="testcase/bd_test_Login.py" methodname="" classname="" runstate="Runnable" type="Assembly" testcasecount="2" result="Passed" label="" start-time="2025-02-26 12:17:01.975222" end-time="2025-02-26 12:17:02.244743" duration="0.269521" asserts="0" total="2" passed="0" failed="2" warnings="0" inconclusive="0" skipped="0"><properties><property name="python_version" value="3.12.3 (tags/v3.12.3:f6650f9, Apr  9 2024, 14:05:25) [MSC v.1938 64 bit (AMD64)]" /></properties><test-case id="100" name="testcase/bd_test_Login.py::BD_Test_Login::test_login_by_pw[-111111]" fullname="testcase/bd_test_Login.py::BD_Test_Login::test_login_by_pw[-111111]" methodname="test_login_by_pw[-111111]" classname="BD_Test_Login" runstate="Runnable" seed="1" result="Failed" label="" start-time="2025-02-26 12:17:01.975222" end-time="2025-02-26 12:17:02.164146" duration="0.188924" asserts="0"><properties><property name="python-version" value="3.12.3 (tags/v3.12.3:f6650f9, Apr  9 2024, 14:05:25) [MSC v.1938 64 bit (AMD64)]" /><property name="fspath" value="testcase/bd_test_Login.py" /></properties><environment framework-version="3.6.2" clr-version="3.12.3 (tags/v3.12.3:f6650f9, Apr  9 2024, 14:05:25) [MSC v.1938 64 bit (AMD64)]" os-version="11" platform="Windows" cwd="C:\Users\Joyce\PycharmProjects\baidu_UIAuto" machine-name="AMD64" user="" user-domain="" culture="en_US" uiculture="en_US" os-architecture="64bit" /><failure><message><![CDATA[[gw0] win32 -- Python 3.12.3 C:\Users\Joyce\Install\python\python.exe

self = &lt;page.login.login_action.LoginPage object at 0x000001D1E119C230&gt;
loc = ('id', 's-top-loginbtn'), filename = 'access_login'

    def wait(self, loc, filename):
        """
        Element waiting
        :param loc: the element
        :param filename: the name of the snapshot
        :return:
        """
        logger.info('{} is waiting for element{}'.format(filename,loc))
        try:
&gt;           WebDriverWait(self.driver, timeout=10, poll_frequency=0.5).until(EC.visibility_of_element_located(loc))

base\basePage.py:32: 
_ _ _ _ _ _ _ _ _ _ _ _ _ _ _ _ _ _ _ _ _ _ _ _ _ _ _ _ _ _ _ _ _ _ _ _ _ _ _ _
..\..\Install\python\Lib\site-packages\selenium\webdriver\support\wait.py:96: in until
    value = method(self._driver)
_ _ _ _ _ _ _ _ _ _ _ _ _ _ _ _ _ _ _ _ _ _ _ _ _ _ _ _ _ _ _ _ _ _ _ _ _ _ _ _

driver = None

    def _predicate(driver: WebDriverOrWebElement):
        try:
&gt;           return _element_if_visible(driver.find_element(*locator))
E           AttributeError: 'NoneType' object has no attribute 'find_element'

..\..\Install\python\Lib\site-packages\selenium\webdriver\support\expected_conditions.py:156: AttributeError

During handling of the above exception, another exception occurred:

self = &lt;testcase.bd_test_Login.BD_Test_Login object at 0x000001D1E119EAB0&gt;
browser = None, userid = '', password = '111111'

    @allure.title("Login by Password")
    @pytest.mark.parametrize("userid,password",read_csv('./data/login_by_pw.csv')[1:])
    @pytest.mark.run(order=1001)
    def test_login_by_pw(self, browser, userid, password):
        """Login by Password"""
        loginPage = LoginPage(browser)
&gt;       loginPage.access_login_page()

testcase\bd_test_Login.py:22: 
_ _ _ _ _ _ _ _ _ _ _ _ _ _ _ _ _ _ _ _ _ _ _ _ _ _ _ _ _ _ _ _ _ _ _ _ _ _ _ _
page\login\login_action.py:19: in access_login_page
    self.click_action(LPL.login_top_btn,'access_login')
base\basePage.py:96: in click_action
    self.wait(loc,filename)
base\basePage.py:34: in wait
    self.attach_screenshots(filename)
_ _ _ _ _ _ _ _ _ _ _ _ _ _ _ _ _ _ _ _ _ _ _ _ _ _ _ _ _ _ _ _ _ _ _ _ _ _ _ _

self = &lt;page.login.login_action.LoginPage object at 0x000001D1E119C230&gt;
name = 'access_login'

    def attach_screenshots(self, name):
        """
        save the error screenshots
        :param name: The png file generated for the error screenshot
        :return:
        """
        try:
            filepath = ConfigManager.screenshots_path
            times = time.time_ct()
            filename = filepath + times + '{}.png'.format(name)
&gt;           self.driver.get_screenshot_as_file(filename)
E           AttributeError: 'NoneType' object has no attribute 'get_screenshot_as_file'

base\basePage.py:48: AttributeError]]></message><stack-trace><![CDATA[C:\Users\Joyce\PycharmProjects\baidu_UIAuto\base\basePage.py:48: AttributeError: 'NoneType' object has no attribute 'get_screenshot_as_file']]></stack-trace></failure><reason><message><![CDATA[]]></message></reason><output><![CDATA[]]></output></test-case><test-case id="101" name="testcase/bd_test_Login.py::BD_Test_Login::test_login_by_pw[test_user-]" fullname="testcase/bd_test_Login.py::BD_Test_Login::test_login_by_pw[test_user-]" methodname="test_login_by_pw[test_user-]" classname="BD_Test_Login" runstate="Runnable" seed="1" result="Failed" label="" start-time="2025-02-26 12:17:02.206009" end-time="2025-02-26 12:17:02.244743" duration="0.038734" asserts="0"><properties><property name="python-version" value="3.12.3 (tags/v3.12.3:f6650f9, Apr  9 2024, 14:05:25) [MSC v.1938 64 bit (AMD64)]" /><property name="fspath" value="testcase/bd_test_Login.py" /></properties><environment framework-version="3.6.2" clr-version="3.12.3 (tags/v3.12.3:f6650f9, Apr  9 2024, 14:05:25) [MSC v.1938 64 bit (AMD64)]" os-version="11" platform="Windows" cwd="C:\Users\Joyce\PycharmProjects\baidu_UIAuto" machine-name="AMD64" user="" user-domain="" culture="en_US" uiculture="en_US" os-architecture="64bit" /><failure><message><![CDATA[[gw0] win32 -- Python 3.12.3 C:\Users\Joyce\Install\python\python.exe

self = &lt;page.login.login_action.LoginPage object at 0x000001D1E1DCAA80&gt;
loc = ('id', 's-top-loginbtn'), filename = 'access_login'

    def wait(self, loc, filename):
        """
        Element waiting
        :param loc: the element
        :param filename: the name of the snapshot
        :return:
        """
        logger.info('{} is waiting for element{}'.format(filename,loc))
        try:
&gt;           WebDriverWait(self.driver, timeout=10, poll_frequency=0.5).until(EC.visibility_of_element_located(loc))

base\basePage.py:32: 
_ _ _ _ _ _ _ _ _ _ _ _ _ _ _ _ _ _ _ _ _ _ _ _ _ _ _ _ _ _ _ _ _ _ _ _ _ _ _ _
..\..\Install\python\Lib\site-packages\selenium\webdriver\support\wait.py:96: in until
    value = method(self._driver)
_ _ _ _ _ _ _ _ _ _ _ _ _ _ _ _ _ _ _ _ _ _ _ _ _ _ _ _ _ _ _ _ _ _ _ _ _ _ _ _

driver = None

    def _predicate(driver: WebDriverOrWebElement):
        try:
&gt;           return _element_if_visible(driver.find_element(*locator))
E           AttributeError: 'NoneType' object has no attribute 'find_element'

..\..\Install\python\Lib\site-packages\selenium\webdriver\support\expected_conditions.py:156: AttributeError

During handling of the above exception, another exception occurred:

self = &lt;testcase.bd_test_Login.BD_Test_Login object at 0x000001D1E11FE180&gt;
browser = None, userid = 'test_user', password = ''

    @allure.title("Login by Password")
    @pytest.mark.parametrize("userid,password",read_csv('./data/login_by_pw.csv')[1:])
    @pytest.mark.run(order=1001)
    def test_login_by_pw(self, browser, userid, password):
        """Login by Password"""
        loginPage = LoginPage(browser)
&gt;       loginPage.access_login_page()

testcase\bd_test_Login.py:22: 
_ _ _ _ _ _ _ _ _ _ _ _ _ _ _ _ _ _ _ _ _ _ _ _ _ _ _ _ _ _ _ _ _ _ _ _ _ _ _ _
page\login\login_action.py:19: in access_login_page
    self.click_action(LPL.login_top_btn,'access_login')
base\basePage.py:96: in click_action
    self.wait(loc,filename)
base\basePage.py:34: in wait
    self.attach_screenshots(filename)
_ _ _ _ _ _ _ _ _ _ _ _ _ _ _ _ _ _ _ _ _ _ _ _ _ _ _ _ _ _ _ _ _ _ _ _ _ _ _ _

self = &lt;page.login.login_action.LoginPage object at 0x000001D1E1DCAA80&gt;
name = 'access_login'

    def attach_screenshots(self, name):
        """
        save the error screenshots
        :param name: The png file generated for the error screenshot
        :return:
        """
        try:
            filepath = ConfigManager.screenshots_path
            times = time.time_ct()
            filename = filepath + times + '{}.png'.format(name)
&gt;           self.driver.get_screenshot_as_file(filename)
E           AttributeError: 'NoneType' object has no attribute 'get_screenshot_as_file'

base\basePage.py:48: AttributeError]]></message><stack-trace><![CDATA[C:\Users\Joyce\PycharmProjects\baidu_UIAuto\base\basePage.py:48: AttributeError: 'NoneType' object has no attribute 'get_screenshot_as_file']]></stack-trace></failure><reason><message><![CDATA[]]></message></reason><output><![CDATA[]]></output></test-case><environment framework-version="3.6.2" clr-version="3.12.3 (tags/v3.12.3:f6650f9, Apr  9 2024, 14:05:25) [MSC v.1938 64 bit (AMD64)]" os-version="11" platform="Windows" cwd="C:\Users\Joyce\PycharmProjects\baidu_UIAuto" machine-name="AMD64" user="" user-domain="" culture="en_US" uiculture="en_US" os-architecture="64bit" /></test-suite></test-run>